
ROM used:   980/8192 (12%)
            980/8192 (12%) including unused fragments

            1.3 Average locations per line
            42.6 Average locations per statement

RAM used:   33/368 (9%) at main() level
            47/368 (13%) worst case

Stack used: 1 worst case (1 in main + 0 for interrupts)
Stack size: 8

Lines Stmts  %   Files
----- ----- ---  -----
   47    23 100  main.c
    5     0   0  main.h
  684     0   0  C:\Program Files (x86)\PICC\Devices\16F877A.h
----- -----
  736    23 Total

Page ROM  %  RAM    Vol Diff  Functions:
---- --- --- ---    --- ----  ----------
0    309  32   20    756  6.6  main
0     27   3    4    207  2.7  @DTOF
0    117  12   13             @MULFF
0    321  33   16             @ADDFF
0    202  21   14             @DIVFF
 Inline         0             @cinit1

Program metrics:
    Functions               2
    Statements              23
    Comments                129
    Volume (V)              1113
    Difficulty (D)          8.9
    Effort to implement (E) 9886
    Time to implement (T)   9 minutes
    Est Delivered Bugs (B)  0
    Cyclomatic Complexity   4
    Maintainability (MI)    92

 Segment     Used  Free
-----------  ----  ----
00000-00003     4  0  
00004-007FF   976  1068  
00800-00FFF     0  2048  
01000-017FF     0  2048  
01800-01FFF     0  2048  



